2024-12-01 01:50:25,450 - werkzeug - INFO - [31m[1mWARNING: This is a development server. Do not use it in a production deployment. Use a production WSGI server instead.[0m
 * Running on all addresses (0.0.0.0)
 * Running on http://127.0.0.1:5000
 * Running on http://192.168.15.10:5000
2024-12-01 01:50:25,450 - werkzeug - INFO - [33mPress CTRL+C to quit[0m
2024-12-01 01:50:26,000 - discord.client - INFO - logging in using static token
2024-12-01 01:50:26,893 - discord.gateway - INFO - Shard ID None has connected to Gateway (Session ID: f1fdd0e50ba845d759ee357b855d7e7a).
2024-12-01 01:50:27,722 - werkzeug - INFO - 127.0.0.1 - - [01/Dec/2024 01:50:27] "GET /api/stats HTTP/1.1" 200 -
2024-12-01 01:50:28,928 - discord - INFO - Logged in as THE FUNNY ONE#8336
2024-12-01 01:50:32,408 - werkzeug - INFO - 127.0.0.1 - - [01/Dec/2024 01:50:32] "GET /api/stats HTTP/1.1" 200 -
2024-12-01 01:50:38,618 - werkzeug - INFO - 127.0.0.1 - - [01/Dec/2024 01:50:38] "GET /api/stats HTTP/1.1" 200 -
2024-12-01 01:50:42,419 - discord.voice_client - INFO - Connecting to voice...
2024-12-01 01:50:42,420 - discord.voice_client - INFO - Starting voice handshake... (connection attempt 1)
2024-12-01 01:50:43,042 - discord.voice_client - INFO - Voice handshake complete. Endpoint found brazil11181.discord.media
2024-12-01 01:50:43,364 - werkzeug - INFO - 127.0.0.1 - - [01/Dec/2024 01:50:43] "GET /api/stats HTTP/1.1" 200 -
2024-12-01 01:50:46,959 - discord - INFO - Extracting info for: https://rr12---sn-8p8v-bg0se.googlevideo.com/videoplayback?expire=1733050249&ei=KetLZ5qHGbaO-LAPtIzLqQc&ip=179.130.157.15&id=o-AO-aedsxYDgWDCC1pDSwKMOfGEdtmADkQhkZ-u4Q2YhA&itag=251&source=youtube&requiressl=yes&xpc=EgVo2aDSNQ%3D%3D&met=1733028649%2C&mh=TO&mm=31%2C29&mn=sn-8p8v-bg0se%2Csn-b8u-bg0l&ms=au%2Crdu&mv=m&mvi=12&pl=24&rms=au%2Cau&initcwndbps=1686250&bui=AQn3pFRaPEhe52QEp5BshJUhb1St2dnhI4Y9_P5TR5klRZnHd6x7I796gkObL9cUAsuY-4q0yM6kDZ7y&spc=qtApAdwN42XAnN01UuWr2V07X0C4OQJl1V3nZ8fEDl8iJFQ&vprv=1&svpuc=1&mime=audio%2Fwebm&rqh=1&gir=yes&clen=1394802&dur=86.541&lmt=1714528983806066&mt=1733028301&fvip=4&keepalive=yes&fexp=51326932%2C51335594&c=IOS&txp=4502434&sparams=expire%2Cei%2Cip%2Cid%2Citag%2Csource%2Crequiressl%2Cxpc%2Cbui%2Cspc%2Cvprv%2Csvpuc%2Cmime%2Crqh%2Cgir%2Cclen%2Cdur%2Clmt&sig=AJfQdSswRQIgEZVn3LupGR5LyJEBREj8FC2W3A4nFejsM7m-JNn3F0ACIQDojawNj2Kul-0FjJNGZqCti1n1UKe_WAU9uEv0QSkBTw%3D%3D&lsparams=met%2Cmh%2Cmm%2Cmn%2Cms%2Cmv%2Cmvi%2Cpl%2Crms%2Cinitcwndbps&lsig=AGluJ3MwRAIgUs839jN25p1kqQ4XLjcBJMJpfKsqJMrzpz86GQgbylICIAS_-M4GeHQ-UM4SFwywZNEvQKL6qLDsXnB8kuZoKySg
2024-12-01 01:50:47,438 - discord - INFO - Playing audio from: https://rr12---sn-8p8v-bg0se.googlevideo.com/videoplayback?expire=1733050249&ei=KetLZ5qHGbaO-LAPtIzLqQc&ip=179.130.157.15&id=o-AO-aedsxYDgWDCC1pDSwKMOfGEdtmADkQhkZ-u4Q2YhA&itag=251&source=youtube&requiressl=yes&xpc=EgVo2aDSNQ%3D%3D&met=1733028649%2C&mh=TO&mm=31%2C29&mn=sn-8p8v-bg0se%2Csn-b8u-bg0l&ms=au%2Crdu&mv=m&mvi=12&pl=24&rms=au%2Cau&initcwndbps=1686250&bui=AQn3pFRaPEhe52QEp5BshJUhb1St2dnhI4Y9_P5TR5klRZnHd6x7I796gkObL9cUAsuY-4q0yM6kDZ7y&spc=qtApAdwN42XAnN01UuWr2V07X0C4OQJl1V3nZ8fEDl8iJFQ&vprv=1&svpuc=1&mime=audio%2Fwebm&rqh=1&gir=yes&clen=1394802&dur=86.541&lmt=1714528983806066&mt=1733028301&fvip=4&keepalive=yes&fexp=51326932%2C51335594&c=IOS&txp=4502434&sparams=expire%2Cei%2Cip%2Cid%2Citag%2Csource%2Crequiressl%2Cxpc%2Cbui%2Cspc%2Cvprv%2Csvpuc%2Cmime%2Crqh%2Cgir%2Cclen%2Cdur%2Clmt&sig=AJfQdSswRQIgEZVn3LupGR5LyJEBREj8FC2W3A4nFejsM7m-JNn3F0ACIQDojawNj2Kul-0FjJNGZqCti1n1UKe_WAU9uEv0QSkBTw%3D%3D&lsparams=met%2Cmh%2Cmm%2Cmn%2Cms%2Cmv%2Cmvi%2Cpl%2Crms%2Cinitcwndbps&lsig=AGluJ3MwRAIgUs839jN25p1kqQ4XLjcBJMJpfKsqJMrzpz86GQgbylICIAS_-M4GeHQ-UM4SFwywZNEvQKL6qLDsXnB8kuZoKySg
2024-12-01 01:50:47,657 - discord - ERROR - Database error while saving track history: 'user_id' is an invalid keyword argument for TrackHistory
2024-12-01 01:50:48,612 - werkzeug - INFO - 127.0.0.1 - - [01/Dec/2024 01:50:48] "GET /api/stats HTTP/1.1" 200 -
2024-12-01 01:50:52,416 - werkzeug - INFO - 127.0.0.1 - - [01/Dec/2024 01:50:52] "GET /api/stats HTTP/1.1" 200 -
2024-12-01 01:50:57,711 - werkzeug - INFO - 127.0.0.1 - - [01/Dec/2024 01:50:57] "GET /api/stats HTTP/1.1" 200 -
2024-12-01 01:51:02,418 - werkzeug - INFO - 127.0.0.1 - - [01/Dec/2024 01:51:02] "GET /api/stats HTTP/1.1" 200 -
2024-12-01 01:51:07,710 - werkzeug - INFO - 127.0.0.1 - - [01/Dec/2024 01:51:07] "GET /api/stats HTTP/1.1" 200 -
2024-12-01 01:51:53,522 - werkzeug - INFO - [31m[1mWARNING: This is a development server. Do not use it in a production deployment. Use a production WSGI server instead.[0m
 * Running on all addresses (0.0.0.0)
 * Running on http://127.0.0.1:5000
 * Running on http://192.168.15.10:5000
2024-12-01 01:51:53,523 - werkzeug - INFO - [33mPress CTRL+C to quit[0m
2024-12-01 01:51:53,755 - werkzeug - INFO - 127.0.0.1 - - [01/Dec/2024 01:51:53] "[35m[1mGET /api/stats HTTP/1.1[0m" 500 -
2024-12-01 01:51:54,285 - discord.client - INFO - logging in using static token
2024-12-01 01:51:55,357 - discord.gateway - INFO - Shard ID None has connected to Gateway (Session ID: 9cff215ad6dd7a7ea2892d6943a266c6).
2024-12-01 01:51:57,427 - discord - INFO - Logged in as THE FUNNY ONE#8336
2024-12-01 01:51:57,436 - werkzeug - INFO - 127.0.0.1 - - [01/Dec/2024 01:51:57] "GET /api/stats HTTP/1.1" 200 -
2024-12-01 01:52:02,711 - werkzeug - INFO - 127.0.0.1 - - [01/Dec/2024 01:52:02] "GET /api/stats HTTP/1.1" 200 -
2024-12-01 01:52:07,407 - werkzeug - INFO - 127.0.0.1 - - [01/Dec/2024 01:52:07] "GET /api/stats HTTP/1.1" 200 -
2024-12-01 01:52:12,712 - werkzeug - INFO - 127.0.0.1 - - [01/Dec/2024 01:52:12] "GET /api/stats HTTP/1.1" 200 -
2024-12-01 01:52:17,416 - werkzeug - INFO - 127.0.0.1 - - [01/Dec/2024 01:52:17] "GET /api/stats HTTP/1.1" 200 -
2024-12-01 01:52:22,720 - werkzeug - INFO - 127.0.0.1 - - [01/Dec/2024 01:52:22] "GET /api/stats HTTP/1.1" 200 -
2024-12-01 01:52:26,556 - discord.voice_client - INFO - Connecting to voice...
2024-12-01 01:52:26,557 - discord.voice_client - INFO - Starting voice handshake... (connection attempt 1)
2024-12-01 01:52:26,807 - discord.voice_client - INFO - Voice handshake complete. Endpoint found brazil11181.discord.media
2024-12-01 01:52:28,312 - werkzeug - INFO - 127.0.0.1 - - [01/Dec/2024 01:52:28] "GET /api/stats HTTP/1.1" 200 -
2024-12-01 01:52:30,810 - discord - INFO - Extracting info for: https://rr12---sn-8p8v-bg0se.googlevideo.com/videoplayback?expire=1733050353&ei=ketLZ4-gCIiZobIPgankKQ&ip=179.130.157.15&id=o-ANCrF7oBU0fDCcvobrq4Sol_c_6okkPC_8U2zdewB9MX&itag=251&source=youtube&requiressl=yes&xpc=EgVo2aDSNQ%3D%3D&met=1733028753%2C&mh=TO&mm=31%2C29&mn=sn-8p8v-bg0se%2Csn-b8u-bg0l&ms=au%2Crdu&mv=m&mvi=12&pl=24&rms=au%2Cau&initcwndbps=1686250&bui=AQn3pFS9NzQBOwJPwMHRgeofLQesgCSZwpD5MecJcfHbh5jhH9qQCc76vTHOPFYso_VI4iSpcBThC9XM&spc=qtApAV0c9Brh8if_0-Oww_gk953lpIv0Du5V2Fv1t24PYbE&vprv=1&svpuc=1&mime=audio%2Fwebm&rqh=1&gir=yes&clen=1394802&dur=86.541&lmt=1714528983806066&mt=1733028301&fvip=4&keepalive=yes&fexp=51326932%2C51335594&c=IOS&txp=4502434&sparams=expire%2Cei%2Cip%2Cid%2Citag%2Csource%2Crequiressl%2Cxpc%2Cbui%2Cspc%2Cvprv%2Csvpuc%2Cmime%2Crqh%2Cgir%2Cclen%2Cdur%2Clmt&sig=AJfQdSswRQIgDjhl5Vpl1_HpjQTyc-GjB73SHhjyOacyVmMxbLi7u5kCIQD-8IeOZz3r09l1FauHniZC9H3RZcZ_jsx41AvUnz_ugg%3D%3D&lsparams=met%2Cmh%2Cmm%2Cmn%2Cms%2Cmv%2Cmvi%2Cpl%2Crms%2Cinitcwndbps&lsig=AGluJ3MwRAIgEp5UXVsJgcJQRNx3uQhmrMouNooYXg_FYDj3GtF7NnUCIB1Kn_bD8GlzD4RzjFF91QW_a1j9KlE9xtYgEzOsRjs6
2024-12-01 01:52:31,324 - discord - INFO - Playing audio from: https://rr12---sn-8p8v-bg0se.googlevideo.com/videoplayback?expire=1733050353&ei=ketLZ4-gCIiZobIPgankKQ&ip=179.130.157.15&id=o-ANCrF7oBU0fDCcvobrq4Sol_c_6okkPC_8U2zdewB9MX&itag=251&source=youtube&requiressl=yes&xpc=EgVo2aDSNQ%3D%3D&met=1733028753%2C&mh=TO&mm=31%2C29&mn=sn-8p8v-bg0se%2Csn-b8u-bg0l&ms=au%2Crdu&mv=m&mvi=12&pl=24&rms=au%2Cau&initcwndbps=1686250&bui=AQn3pFS9NzQBOwJPwMHRgeofLQesgCSZwpD5MecJcfHbh5jhH9qQCc76vTHOPFYso_VI4iSpcBThC9XM&spc=qtApAV0c9Brh8if_0-Oww_gk953lpIv0Du5V2Fv1t24PYbE&vprv=1&svpuc=1&mime=audio%2Fwebm&rqh=1&gir=yes&clen=1394802&dur=86.541&lmt=1714528983806066&mt=1733028301&fvip=4&keepalive=yes&fexp=51326932%2C51335594&c=IOS&txp=4502434&sparams=expire%2Cei%2Cip%2Cid%2Citag%2Csource%2Crequiressl%2Cxpc%2Cbui%2Cspc%2Cvprv%2Csvpuc%2Cmime%2Crqh%2Cgir%2Cclen%2Cdur%2Clmt&sig=AJfQdSswRQIgDjhl5Vpl1_HpjQTyc-GjB73SHhjyOacyVmMxbLi7u5kCIQD-8IeOZz3r09l1FauHniZC9H3RZcZ_jsx41AvUnz_ugg%3D%3D&lsparams=met%2Cmh%2Cmm%2Cmn%2Cms%2Cmv%2Cmvi%2Cpl%2Crms%2Cinitcwndbps&lsig=AGluJ3MwRAIgEp5UXVsJgcJQRNx3uQhmrMouNooYXg_FYDj3GtF7NnUCIB1Kn_bD8GlzD4RzjFF91QW_a1j9KlE9xtYgEzOsRjs6
2024-12-01 01:52:31,560 - discord - ERROR - Database error while saving track history: 'user_id' is an invalid keyword argument for TrackHistory
2024-12-01 01:52:32,721 - werkzeug - INFO - 127.0.0.1 - - [01/Dec/2024 01:52:32] "GET /api/stats HTTP/1.1" 200 -
2024-12-01 01:52:36,890 - discord.client - ERROR - Ignoring exception in on_interaction
Traceback (most recent call last):
  File "J:\NODE\DiscordBot\bot\cogs\music_display.py", line 242, in on_interaction
    await interaction.response.send_message(f"Volume set to {int(new_volume * 100)}%", ephemeral=True)
  File "J:\NODE\DiscordBot\MusicBotVenv\lib\site-packages\discord\interactions.py", line 801, in send_message
    await adapter.create_interaction_response(
  File "J:\NODE\DiscordBot\MusicBotVenv\lib\site-packages\discord\webhook\async_.py", line 221, in request
    raise HTTPException(response, data)
discord.errors.HTTPException: 400 Bad Request (error code: 40060): Interaction has already been acknowledged.

During handling of the above exception, another exception occurred:

Traceback (most recent call last):
  File "J:\NODE\DiscordBot\MusicBotVenv\lib\site-packages\discord\client.py", line 441, in _run_event
    await coro(*args, **kwargs)
  File "J:\NODE\DiscordBot\bot\cogs\music_display.py", line 269, in on_interaction
    await interaction.response.send_message(f"Error: {str(e)}", ephemeral=True)
  File "J:\NODE\DiscordBot\MusicBotVenv\lib\site-packages\discord\interactions.py", line 774, in send_message
    raise InteractionResponded(self._parent)
discord.errors.InteractionResponded: This interaction has already been responded to before
2024-12-01 01:52:38,308 - werkzeug - INFO - 127.0.0.1 - - [01/Dec/2024 01:52:38] "GET /api/stats HTTP/1.1" 200 -
2024-12-01 01:52:38,653 - discord.client - ERROR - Ignoring exception in on_interaction
Traceback (most recent call last):
  File "J:\NODE\DiscordBot\bot\cogs\music_display.py", line 242, in on_interaction
    await interaction.response.send_message(f"Volume set to {int(new_volume * 100)}%", ephemeral=True)
  File "J:\NODE\DiscordBot\MusicBotVenv\lib\site-packages\discord\interactions.py", line 801, in send_message
    await adapter.create_interaction_response(
  File "J:\NODE\DiscordBot\MusicBotVenv\lib\site-packages\discord\webhook\async_.py", line 221, in request
    raise HTTPException(response, data)
discord.errors.HTTPException: 400 Bad Request (error code: 40060): Interaction has already been acknowledged.

During handling of the above exception, another exception occurred:

Traceback (most recent call last):
  File "J:\NODE\DiscordBot\MusicBotVenv\lib\site-packages\discord\client.py", line 441, in _run_event
    await coro(*args, **kwargs)
  File "J:\NODE\DiscordBot\bot\cogs\music_display.py", line 269, in on_interaction
    await interaction.response.send_message(f"Error: {str(e)}", ephemeral=True)
  File "J:\NODE\DiscordBot\MusicBotVenv\lib\site-packages\discord\interactions.py", line 774, in send_message
    raise InteractionResponded(self._parent)
discord.errors.InteractionResponded: This interaction has already been responded to before
2024-12-01 01:52:40,796 - discord.client - ERROR - Ignoring exception in on_interaction
Traceback (most recent call last):
  File "J:\NODE\DiscordBot\bot\cogs\music_display.py", line 249, in on_interaction
    await interaction.response.send_message(f"Volume set to {int(new_volume * 100)}%", ephemeral=True)
  File "J:\NODE\DiscordBot\MusicBotVenv\lib\site-packages\discord\interactions.py", line 801, in send_message
    await adapter.create_interaction_response(
  File "J:\NODE\DiscordBot\MusicBotVenv\lib\site-packages\discord\webhook\async_.py", line 221, in request
    raise HTTPException(response, data)
discord.errors.HTTPException: 400 Bad Request (error code: 40060): Interaction has already been acknowledged.

During handling of the above exception, another exception occurred:

Traceback (most recent call last):
  File "J:\NODE\DiscordBot\MusicBotVenv\lib\site-packages\discord\client.py", line 441, in _run_event
    await coro(*args, **kwargs)
  File "J:\NODE\DiscordBot\bot\cogs\music_display.py", line 269, in on_interaction
    await interaction.response.send_message(f"Error: {str(e)}", ephemeral=True)
  File "J:\NODE\DiscordBot\MusicBotVenv\lib\site-packages\discord\interactions.py", line 774, in send_message
    raise InteractionResponded(self._parent)
discord.errors.InteractionResponded: This interaction has already been responded to before
2024-12-01 01:52:43,618 - werkzeug - INFO - 127.0.0.1 - - [01/Dec/2024 01:52:43] "GET /api/stats HTTP/1.1" 200 -
2024-12-01 01:52:48,317 - werkzeug - INFO - 127.0.0.1 - - [01/Dec/2024 01:52:48] "GET /api/stats HTTP/1.1" 200 -
2024-12-01 01:52:52,709 - werkzeug - INFO - 127.0.0.1 - - [01/Dec/2024 01:52:52] "GET /api/stats HTTP/1.1" 200 -
2024-12-01 01:52:57,408 - werkzeug - INFO - 127.0.0.1 - - [01/Dec/2024 01:52:57] "GET /api/stats HTTP/1.1" 200 -
2024-12-01 01:53:02,707 - werkzeug - INFO - 127.0.0.1 - - [01/Dec/2024 01:53:02] "GET /api/stats HTTP/1.1" 200 -
2024-12-01 01:53:07,416 - werkzeug - INFO - 127.0.0.1 - - [01/Dec/2024 01:53:07] "GET /api/stats HTTP/1.1" 200 -
2024-12-01 01:53:12,711 - werkzeug - INFO - 127.0.0.1 - - [01/Dec/2024 01:53:12] "GET /api/stats HTTP/1.1" 200 -
2024-12-01 01:53:17,417 - werkzeug - INFO - 127.0.0.1 - - [01/Dec/2024 01:53:17] "GET /api/stats HTTP/1.1" 200 -
2024-12-01 01:53:22,711 - werkzeug - INFO - 127.0.0.1 - - [01/Dec/2024 01:53:22] "GET /api/stats HTTP/1.1" 200 -
2024-12-01 01:53:27,405 - werkzeug - INFO - 127.0.0.1 - - [01/Dec/2024 01:53:27] "GET /api/stats HTTP/1.1" 200 -
2024-12-01 01:53:32,721 - werkzeug - INFO - 127.0.0.1 - - [01/Dec/2024 01:53:32] "GET /api/stats HTTP/1.1" 200 -
2024-12-01 01:53:37,416 - werkzeug - INFO - 127.0.0.1 - - [01/Dec/2024 01:53:37] "GET /api/stats HTTP/1.1" 200 -
2024-12-01 01:53:43,613 - werkzeug - INFO - 127.0.0.1 - - [01/Dec/2024 01:53:43] "GET /api/stats HTTP/1.1" 200 -
2024-12-01 01:53:48,306 - werkzeug - INFO - 127.0.0.1 - - [01/Dec/2024 01:53:48] "GET /api/stats HTTP/1.1" 200 -
2024-12-01 01:53:53,239 - discord - INFO - Extracting info for: https://rr8---sn-8p8v-bg0se.googlevideo.com/videoplayback?expire=1733050436&ei=5OtLZ_D2Lp_N-LAP3bmxgAc&ip=179.130.157.15&id=o-AGx3CPymcbqXOn3r7Y39hQGtP50-f35KvXvTG1LHLcDt&itag=251&source=youtube&requiressl=yes&xpc=EgVo2aDSNQ%3D%3D&met=1733028836%2C&mh=T7&mm=31%2C29&mn=sn-8p8v-bg0se%2Csn-b8u-bg0l&ms=au%2Crdu&mv=m&mvi=8&pl=24&rms=au%2Cau&initcwndbps=1621250&bui=AQn3pFQoc4aIPIp1pwkLptpYtMZI_tkiYvDRcsbUv2TF2xJSSvgNrhKvNsqI_Hm_yv2FDoq0ti-qNEYz&spc=qtApAYdr7-HBvW2Gtq2VgCNj0FL2afhrXoYafCPBQXIif_U&vprv=1&svpuc=1&mime=audio%2Fwebm&rqh=1&gir=yes&clen=2212201&dur=152.961&lmt=1712976823497211&mt=1733028543&fvip=6&keepalive=yes&fexp=51326932%2C51335594&c=IOS&txp=5432434&sparams=expire%2Cei%2Cip%2Cid%2Citag%2Csource%2Crequiressl%2Cxpc%2Cbui%2Cspc%2Cvprv%2Csvpuc%2Cmime%2Crqh%2Cgir%2Cclen%2Cdur%2Clmt&sig=AJfQdSswRAIgH1gj0APO7oLczOQwtO-eU9y1CpO1puR0czmsFGJ8fToCIDJZW8qrdvSTBmP2IMRUn7LpJ8J0aNvXznbstbkTubx1&lsparams=met%2Cmh%2Cmm%2Cmn%2Cms%2Cmv%2Cmvi%2Cpl%2Crms%2Cinitcwndbps&lsig=AGluJ3MwRgIhAN7K9vL7QImZIuZaGKIbUgS25QrDk60YKMLKrbMzxdacAiEA73mXac3dmpxwUJ1XoUrjLtTraLftB-08AtBkXgI70nY%3D
2024-12-01 01:53:53,307 - discord - INFO - Playing audio from: https://rr8---sn-8p8v-bg0se.googlevideo.com/videoplayback?expire=1733050436&ei=5OtLZ_D2Lp_N-LAP3bmxgAc&ip=179.130.157.15&id=o-AGx3CPymcbqXOn3r7Y39hQGtP50-f35KvXvTG1LHLcDt&itag=251&source=youtube&requiressl=yes&xpc=EgVo2aDSNQ%3D%3D&met=1733028836%2C&mh=T7&mm=31%2C29&mn=sn-8p8v-bg0se%2Csn-b8u-bg0l&ms=au%2Crdu&mv=m&mvi=8&pl=24&rms=au%2Cau&initcwndbps=1621250&bui=AQn3pFQoc4aIPIp1pwkLptpYtMZI_tkiYvDRcsbUv2TF2xJSSvgNrhKvNsqI_Hm_yv2FDoq0ti-qNEYz&spc=qtApAYdr7-HBvW2Gtq2VgCNj0FL2afhrXoYafCPBQXIif_U&vprv=1&svpuc=1&mime=audio%2Fwebm&rqh=1&gir=yes&clen=2212201&dur=152.961&lmt=1712976823497211&mt=1733028543&fvip=6&keepalive=yes&fexp=51326932%2C51335594&c=IOS&txp=5432434&sparams=expire%2Cei%2Cip%2Cid%2Citag%2Csource%2Crequiressl%2Cxpc%2Cbui%2Cspc%2Cvprv%2Csvpuc%2Cmime%2Crqh%2Cgir%2Cclen%2Cdur%2Clmt&sig=AJfQdSswRAIgH1gj0APO7oLczOQwtO-eU9y1CpO1puR0czmsFGJ8fToCIDJZW8qrdvSTBmP2IMRUn7LpJ8J0aNvXznbstbkTubx1&lsparams=met%2Cmh%2Cmm%2Cmn%2Cms%2Cmv%2Cmvi%2Cpl%2Crms%2Cinitcwndbps&lsig=AGluJ3MwRgIhAN7K9vL7QImZIuZaGKIbUgS25QrDk60YKMLKrbMzxdacAiEA73mXac3dmpxwUJ1XoUrjLtTraLftB-08AtBkXgI70nY%3D
2024-12-01 01:53:53,613 - werkzeug - INFO - 127.0.0.1 - - [01/Dec/2024 01:53:53] "GET /api/stats HTTP/1.1" 200 -
2024-12-01 01:53:57,878 - discord.player - INFO - ffmpeg process 73652 successfully terminated with return code of 0.
2024-12-01 01:53:58,136 - discord - ERROR - Database error while saving track history: 'user_id' is an invalid keyword argument for TrackHistory
2024-12-01 01:53:58,305 - werkzeug - INFO - 127.0.0.1 - - [01/Dec/2024 01:53:58] "GET /api/stats HTTP/1.1" 200 -
2024-12-01 01:54:03,615 - werkzeug - INFO - 127.0.0.1 - - [01/Dec/2024 01:54:03] "GET /api/stats HTTP/1.1" 200 -
2024-12-01 01:54:08,314 - werkzeug - INFO - 127.0.0.1 - - [01/Dec/2024 01:54:08] "GET /api/stats HTTP/1.1" 200 -
2024-12-01 01:54:13,615 - werkzeug - INFO - 127.0.0.1 - - [01/Dec/2024 01:54:13] "GET /api/stats HTTP/1.1" 200 -
2024-12-01 01:54:18,320 - werkzeug - INFO - 127.0.0.1 - - [01/Dec/2024 01:54:18] "GET /api/stats HTTP/1.1" 200 -
2024-12-01 01:54:23,634 - werkzeug - INFO - 127.0.0.1 - - [01/Dec/2024 01:54:23] "GET /api/stats HTTP/1.1" 200 -
2024-12-01 01:54:28,318 - werkzeug - INFO - 127.0.0.1 - - [01/Dec/2024 01:54:28] "GET /api/stats HTTP/1.1" 200 -
2024-12-01 01:54:33,664 - werkzeug - INFO - 127.0.0.1 - - [01/Dec/2024 01:54:33] "GET /api/stats HTTP/1.1" 200 -
2024-12-01 01:54:38,316 - werkzeug - INFO - 127.0.0.1 - - [01/Dec/2024 01:54:38] "GET /api/stats HTTP/1.1" 200 -
2024-12-01 01:54:51,064 - discord - INFO - Extracting info for: https://rr9---sn-8p8v-bg0se.googlevideo.com/videoplayback?expire=1733050494&ei=HuxLZ8PYCtud4dUPh4PGyQw&ip=179.130.157.15&id=o-AIwXN7l1GHJBv43-N8dIjhQxyHCBPuDPrhPHMdl93-UM&itag=251&source=youtube&requiressl=yes&xpc=EgVo2aDSNQ%3D%3D&met=1733028894%2C&mh=Of&mm=31%2C29&mn=sn-8p8v-bg0se%2Csn-8p8v-bg0r&ms=au%2Crdu&mv=m&mvi=9&pl=24&rms=au%2Cau&gcr=br&initcwndbps=1621250&bui=AQn3pFTFEfhf4wHVBZzygnTSwutmMP8aXrzjd8VMC8IWFoOiFacZTMGP2RAwOyPnwBK43MBO6bbZP58z&spc=qtApAYSte1g4X5rkPmi6Kb9Pb41UYvuR_XdmC0sJkzk_tjg&vprv=1&svpuc=1&mime=audio%2Fwebm&rqh=1&gir=yes&clen=2887504&dur=181.201&lmt=1731258451502694&mt=1733028543&fvip=8&keepalive=yes&fexp=51326932%2C51335594&c=IOS&txp=5532434&sparams=expire%2Cei%2Cip%2Cid%2Citag%2Csource%2Crequiressl%2Cxpc%2Cgcr%2Cbui%2Cspc%2Cvprv%2Csvpuc%2Cmime%2Crqh%2Cgir%2Cclen%2Cdur%2Clmt&sig=AJfQdSswRAIgc7psBBM1cdspsrmZV8kaxIgeylwAXhHCe7Suq99vg5MCIF9Z4TxJc7LB3WW0IG2Sz_hb0-KmzVs9AMyFUePdlMdO&lsparams=met%2Cmh%2Cmm%2Cmn%2Cms%2Cmv%2Cmvi%2Cpl%2Crms%2Cinitcwndbps&lsig=AGluJ3MwRAIgMCz5Unlu1TawlEAkWDbzmRYZccApv0XZZqEiWWiGjC4CICu4x9yUDg0W4lzJkF0TbJHGpY1UefnHuzrEY29RWv3Z
2024-12-01 01:54:51,119 - discord - INFO - Playing audio from: https://rr9---sn-8p8v-bg0se.googlevideo.com/videoplayback?expire=1733050494&ei=HuxLZ8PYCtud4dUPh4PGyQw&ip=179.130.157.15&id=o-AIwXN7l1GHJBv43-N8dIjhQxyHCBPuDPrhPHMdl93-UM&itag=251&source=youtube&requiressl=yes&xpc=EgVo2aDSNQ%3D%3D&met=1733028894%2C&mh=Of&mm=31%2C29&mn=sn-8p8v-bg0se%2Csn-8p8v-bg0r&ms=au%2Crdu&mv=m&mvi=9&pl=24&rms=au%2Cau&gcr=br&initcwndbps=1621250&bui=AQn3pFTFEfhf4wHVBZzygnTSwutmMP8aXrzjd8VMC8IWFoOiFacZTMGP2RAwOyPnwBK43MBO6bbZP58z&spc=qtApAYSte1g4X5rkPmi6Kb9Pb41UYvuR_XdmC0sJkzk_tjg&vprv=1&svpuc=1&mime=audio%2Fwebm&rqh=1&gir=yes&clen=2887504&dur=181.201&lmt=1731258451502694&mt=1733028543&fvip=8&keepalive=yes&fexp=51326932%2C51335594&c=IOS&txp=5532434&sparams=expire%2Cei%2Cip%2Cid%2Citag%2Csource%2Crequiressl%2Cxpc%2Cgcr%2Cbui%2Cspc%2Cvprv%2Csvpuc%2Cmime%2Crqh%2Cgir%2Cclen%2Cdur%2Clmt&sig=AJfQdSswRAIgc7psBBM1cdspsrmZV8kaxIgeylwAXhHCe7Suq99vg5MCIF9Z4TxJc7LB3WW0IG2Sz_hb0-KmzVs9AMyFUePdlMdO&lsparams=met%2Cmh%2Cmm%2Cmn%2Cms%2Cmv%2Cmvi%2Cpl%2Crms%2Cinitcwndbps&lsig=AGluJ3MwRAIgMCz5Unlu1TawlEAkWDbzmRYZccApv0XZZqEiWWiGjC4CICu4x9yUDg0W4lzJkF0TbJHGpY1UefnHuzrEY29RWv3Z
2024-12-01 01:55:03,219 - werkzeug - INFO - 127.0.0.1 - - [01/Dec/2024 01:55:03] "GET /api/stats HTTP/1.1" 200 -
2024-12-01 01:55:07,405 - werkzeug - INFO - 127.0.0.1 - - [01/Dec/2024 01:55:07] "GET /api/stats HTTP/1.1" 200 -
2024-12-01 01:55:12,718 - werkzeug - INFO - 127.0.0.1 - - [01/Dec/2024 01:55:12] "GET /api/stats HTTP/1.1" 200 -
2024-12-01 01:55:18,313 - werkzeug - INFO - 127.0.0.1 - - [01/Dec/2024 01:55:18] "GET /api/stats HTTP/1.1" 200 -
